----
05-19-2020_02:59:41
root     26995  0.0  0.3 235580 14116 ?        Ss   May18   0:00 sshd: avi_fivetran_com [priv]
avi_fiv+ 27011  0.0  0.1 235580  5008 ?        S    May18   0:00 sshd: avi_fivetran_com@pts/0
root     27543  0.0  0.3 232880 13412 ?        Ss   May18   0:00 sshd: fivetran [priv]
fivetran 27750  0.0  0.1 232880  5040 ?        S    May18   0:01 sshd: fivetran
root     32255  0.0  0.3 232880 13580 ?        Ss   01:51   0:00 sshd: fivetran [priv]
fivetran 32427  0.0  0.1 232880  5164 ?        S    01:51   0:00 sshd: fivetran
----
05-19-2020_02:59:51
root     26995  0.0  0.3 235580 14116 ?        Ss   May18   0:00 sshd: avi_fivetran_com [priv]
avi_fiv+ 27011  0.0  0.1 235580  5008 ?        S    May18   0:00 sshd: avi_fivetran_com@pts/0
root     27543  0.0  0.3 232880 13412 ?        Ss   May18   0:00 sshd: fivetran [priv]
fivetran 27750  0.0  0.1 232880  5040 ?        S    May18   0:01 sshd: fivetran
root     32255  0.0  0.3 232880 13580 ?        Ss   01:51   0:00 sshd: fivetran [priv]
fivetran 32427  0.0  0.1 232880  5164 ?        S    01:51   0:00 sshd: fivetran
----
05-19-2020_03:00:01
root     26995  0.0  0.3 235580 14116 ?        Ss   May18   0:00 sshd: avi_fivetran_com [priv]
avi_fiv+ 27011  0.0  0.1 235580  5008 ?        S    May18   0:00 sshd: avi_fivetran_com@pts/0
root     27543  0.0  0.3 232880 13412 ?        Ss   May18   0:00 sshd: fivetran [priv]
fivetran 27750  0.0  0.1 232880  5040 ?        S    May18   0:01 sshd: fivetran
root     32255  0.0  0.3 232880 13580 ?        Ss   01:51   0:00 sshd: fivetran [priv]
fivetran 32427  0.0  0.1 232880  5164 ?        S    01:51   0:00 sshd: fivetran
----
05-19-2020_03:00:11
root     26995  0.0  0.3 235580 14116 ?        Ss   May18   0:00 sshd: avi_fivetran_com [priv]
avi_fiv+ 27011  0.0  0.1 235580  5008 ?        S    May18   0:00 sshd: avi_fivetran_com@pts/0
root     27543  0.0  0.3 232880 13412 ?        Ss   May18   0:00 sshd: fivetran [priv]
fivetran 27750  0.0  0.1 232880  5040 ?        S    May18   0:01 sshd: fivetran
root     32255  0.0  0.3 232880 13580 ?        Ss   01:51   0:00 sshd: fivetran [priv]
fivetran 32427  0.0  0.1 232880  5164 ?        S    01:51   0:00 sshd: fivetran
----
05-19-2020_03:00:31
root     26995  0.0  0.3 235580 14116 ?        Ss   May18   0:00 sshd: avi_fivetran_com [priv]
avi_fiv+ 27011  0.0  0.1 235580  5008 ?        S    May18   0:00 sshd: avi_fivetran_com@pts/0
root     27543  0.0  0.3 232880 13412 ?        Ss   May18   0:00 sshd: fivetran [priv]
fivetran 27750  0.0  0.1 232880  5040 ?        S    May18   0:01 sshd: fivetran
root     32255  0.0  0.3 232880 13580 ?        Ss   01:51   0:00 sshd: fivetran [priv]
fivetran 32427  0.0  0.1 232880  5164 ?        S    01:51   0:00 sshd: fivetran
----
05-19-2020_03:00:41
root     26995  0.0  0.3 235580 14116 ?        Ss   May18   0:00 sshd: avi_fivetran_com [priv]
avi_fiv+ 27011  0.0  0.1 235580  5008 ?        S    May18   0:00 sshd: avi_fivetran_com@pts/0
root     27543  0.0  0.3 232880 13412 ?        Ss   May18   0:00 sshd: fivetran [priv]
fivetran 27750  0.0  0.1 232880  5040 ?        S    May18   0:01 sshd: fivetran
root     32255  0.0  0.3 232880 13580 ?        Ss   01:51   0:00 sshd: fivetran [priv]
fivetran 32427  0.0  0.1 232880  5164 ?        S    01:51   0:00 sshd: fivetran
----
05-19-2020_03:00:51
root     26995  0.0  0.3 235580 14116 ?        Ss   May18   0:00 sshd: avi_fivetran_com [priv]
avi_fiv+ 27011  0.0  0.1 235580  5008 ?        S    May18   0:00 sshd: avi_fivetran_com@pts/0
root     27543  0.0  0.3 232880 13412 ?        Ss   May18   0:00 sshd: fivetran [priv]
fivetran 27750  0.0  0.1 232880  5040 ?        S    May18   0:01 sshd: fivetran
root     32255  0.0  0.3 232880 13580 ?        Ss   01:51   0:00 sshd: fivetran [priv]
fivetran 32427  0.0  0.1 232880  5164 ?        S    01:51   0:00 sshd: fivetran
----
05-19-2020_03:01:01
root     26995  0.0  0.3 235580 14116 ?        Ss   May18   0:00 sshd: avi_fivetran_com [priv]
avi_fiv+ 27011  0.0  0.1 235580  5008 ?        S    May18   0:00 sshd: avi_fivetran_com@pts/0
root     27543  0.0  0.3 232880 13412 ?        Ss   May18   0:00 sshd: fivetran [priv]
fivetran 27750  0.0  0.1 232880  5040 ?        S    May18   0:01 sshd: fivetran
root     32255  0.0  0.3 232880 13580 ?        Ss   01:51   0:00 sshd: fivetran [priv]
fivetran 32427  0.0  0.1 232880  5164 ?        S    01:51   0:00 sshd: fivetran
----
05-19-2020_03:01:11
root     26995  0.0  0.3 235580 14116 ?        Ss   May18   0:00 sshd: avi_fivetran_com [priv]
avi_fiv+ 27011  0.0  0.1 235580  5008 ?        S    May18   0:00 sshd: avi_fivetran_com@pts/0
root     27543  0.0  0.3 232880 13412 ?        Ss   May18   0:00 sshd: fivetran [priv]
fivetran 27750  0.0  0.1 232880  5040 ?        S    May18   0:01 sshd: fivetran
root     32255  0.0  0.3 232880 13580 ?        Ss   01:51   0:00 sshd: fivetran [priv]
fivetran 32427  0.0  0.1 232880  5164 ?        S    01:51   0:00 sshd: fivetran
----
05-19-2020_03:01:31
root     26995  0.0  0.3 235580 14116 ?        Ss   May18   0:00 sshd: avi_fivetran_com [priv]
avi_fiv+ 27011  0.0  0.1 235580  5008 ?        S    May18   0:00 sshd: avi_fivetran_com@pts/0
root     27543  0.0  0.3 232880 13412 ?        Ss   May18   0:00 sshd: fivetran [priv]
fivetran 27750  0.0  0.1 232880  5040 ?        S    May18   0:01 sshd: fivetran
root     32255  0.0  0.3 232880 13580 ?        Ss   01:51   0:00 sshd: fivetran [priv]
fivetran 32427  0.0  0.1 232880  5164 ?        S    01:51   0:00 sshd: fivetran
----
05-19-2020_03:01:41
root     26995  0.0  0.3 235580 14116 ?        Ss   May18   0:00 sshd: avi_fivetran_com [priv]
avi_fiv+ 27011  0.0  0.1 235580  5008 ?        S    May18   0:00 sshd: avi_fivetran_com@pts/0
root     27543  0.0  0.3 232880 13412 ?        Ss   May18   0:00 sshd: fivetran [priv]
fivetran 27750  0.0  0.1 232880  5040 ?        S    May18   0:01 sshd: fivetran
root     32255  0.0  0.3 232880 13580 ?        Ss   01:51   0:00 sshd: fivetran [priv]
fivetran 32427  0.0  0.1 232880  5164 ?        S    01:51   0:00 sshd: fivetran
----
05-19-2020_03:01:51
root     26995  0.0  0.3 235580 14116 ?        Ss   May18   0:00 sshd: avi_fivetran_com [priv]
avi_fiv+ 27011  0.0  0.1 235580  5008 ?        S    May18   0:00 sshd: avi_fivetran_com@pts/0
root     27543  0.0  0.3 232880 13412 ?        Ss   May18   0:00 sshd: fivetran [priv]
fivetran 27750  0.0  0.1 232880  5040 ?        S    May18   0:01 sshd: fivetran
root     32255  0.0  0.3 232880 13580 ?        Ss   01:51   0:00 sshd: fivetran [priv]
fivetran 32427  0.0  0.1 232880  5164 ?        S    01:51   0:00 sshd: fivetran
----
05-19-2020_03:02:01
root      3508  0.0  0.1  69956  5476 ?        Ss   03:01   0:00 sshd: [accepted]
sshd      3509  0.0  0.0  69956  3420 ?        S    03:01   0:00 sshd: [net]
root     26995  0.0  0.3 235580 14116 ?        Ss   May18   0:00 sshd: avi_fivetran_com [priv]
avi_fiv+ 27011  0.0  0.1 235580  5008 ?        S    May18   0:00 sshd: avi_fivetran_com@pts/0
root     27543  0.0  0.3 232880 13412 ?        Ss   May18   0:00 sshd: fivetran [priv]
fivetran 27750  0.0  0.1 232880  5040 ?        S    May18   0:01 sshd: fivetran
root     32255  0.0  0.3 232880 13580 ?        Ss   01:51   0:00 sshd: fivetran [priv]
fivetran 32427  0.0  0.1 232880  5164 ?        S    01:51   0:00 sshd: fivetran
----
05-19-2020_03:02:11
root     26995  0.0  0.3 235580 14116 ?        Ss   May18   0:00 sshd: avi_fivetran_com [priv]
avi_fiv+ 27011  0.0  0.1 235580  5008 ?        S    May18   0:00 sshd: avi_fivetran_com@pts/0
root     27543  0.0  0.3 232880 13412 ?        Ss   May18   0:00 sshd: fivetran [priv]
fivetran 27750  0.0  0.1 232880  5040 ?        S    May18   0:01 sshd: fivetran
root     32255  0.0  0.3 232880 13580 ?        Ss   01:51   0:00 sshd: fivetran [priv]
fivetran 32427  0.0  0.1 232880  5164 ?        S    01:51   0:00 sshd: fivetran
----
05-19-2020_03:02:31
root      3547  0.0  0.1  69956  5616 ?        Ss   03:02   0:00 sshd: [accepted]
root     26995  0.0  0.3 235580 14116 ?        Ss   May18   0:00 sshd: avi_fivetran_com [priv]
avi_fiv+ 27011  0.0  0.1 235580  5008 ?        S    May18   0:00 sshd: avi_fivetran_com@pts/0
root     27543  0.0  0.3 232880 13412 ?        Ss   May18   0:00 sshd: fivetran [priv]
fivetran 27750  0.0  0.1 232880  5040 ?        S    May18   0:01 sshd: fivetran
root     32255  0.0  0.3 232880 13580 ?        Ss   01:51   0:00 sshd: fivetran [priv]
fivetran 32427  0.0  0.1 232880  5164 ?        S    01:51   0:00 sshd: fivetran
----
05-19-2020_03:02:41
root      3547  0.0  0.1  69956  5616 ?        Ss   03:02   0:00 sshd: [accepted]
root     26995  0.0  0.3 235580 14116 ?        Ss   May18   0:00 sshd: avi_fivetran_com [priv]
avi_fiv+ 27011  0.0  0.1 235580  5008 ?        S    May18   0:00 sshd: avi_fivetran_com@pts/0
root     27543  0.0  0.3 232880 13412 ?        Ss   May18   0:00 sshd: fivetran [priv]
fivetran 27750  0.0  0.1 232880  5040 ?        S    May18   0:01 sshd: fivetran
root     32255  0.0  0.3 232880 13580 ?        Ss   01:51   0:00 sshd: fivetran [priv]
fivetran 32427  0.0  0.1 232880  5164 ?        S    01:51   0:00 sshd: fivetran